<!DOCTYPE html PUBLIC "-//W3C//DTD XHTML 1.1//EN" "http://www.w3.org/TR/xhtml11/DTD/xhtml11.dtd">
<html xmlns="http://www.w3.org/1999/xhtml"><head><title>TestNG Report</title><style type="text/css">table {margin-bottom:10px;border-collapse:collapse;empty-cells:show}th,td {border:1px solid #009;padding:.25em .5em}th {vertical-align:bottom}td {vertical-align:top}table a {font-weight:bold}.stripe td {background-color: #E6EBF9}.num {text-align:right}.passedodd td {background-color: #3F3}.passedeven td {background-color: #0A0}.skippedodd td {background-color: #DDD}.skippedeven td {background-color: #CCC}.failedodd td,.attn {background-color: #F33}.failedeven td,.stripe .attn {background-color: #D00}.stacktrace {white-space:pre;font-family:monospace}.totop {font-size:85%;text-align:center;border-bottom:2px solid #000}</style></head><body><table><tr><th>Test</th><th># Passed</th><th># Skipped</th><th># Failed</th><th>Time (ms)</th><th>Included Groups</th><th>Excluded Groups</th></tr><tr><th colspan="7">Test-class Suite</th></tr><tr><td><a href="#t0">Test2</a></td><td class="num">1</td><td class="num">0</td><td class="num attn">3</td><td class="num">26,447</td><td></td><td></td></tr><tr class="stripe"><td><a href="#t1">Test1</a></td><td class="num">1</td><td class="num">0</td><td class="num attn">3</td><td class="num">26,779</td><td></td><td></td></tr><tr><th>Total</th><th class="num">2</th><th class="num">0</th><th class="num attn">6</th><th class="num">53,226</th><th colspan="2"></th></tr></table><table id='summary'><thead><tr><th>Class</th><th>Method</th><th>Start</th><th>Time (ms)</th></tr></thead><tbody><tr><th colspan="4">Test-class Suite</th></tr></tbody><tbody id="t0"><tr><th colspan="4">Test2 &#8212; failed</th></tr><tr class="failedeven"><td rowspan="3">com.cleartrip.testscripts.bookingsteps</td><td><a href="#m0">bookflight1</a></td><td rowspan="1">1567785831211</td><td rowspan="1">47</td></tr><tr class="failedeven"><td><a href="#m1">bookingsteps</a></td><td rowspan="1">1567785831325</td><td rowspan="1">5020</td></tr><tr class="failedeven"><td><a href="#m2">searchflight1</a></td><td rowspan="1">1567785828504</td><td rowspan="1">2703</td></tr><tr><th colspan="4">Test2 &#8212; passed</th></tr><tr class="passedeven"><td rowspan="1">com.cleartrip.testscripts.bookingsteps</td><td><a href="#m3">loginflight1</a></td><td rowspan="1">1567785809944</td><td rowspan="1">16638</td></tr></tbody><tbody id="t1"><tr><th colspan="4">Test1 &#8212; failed</th></tr><tr class="failedeven"><td rowspan="3">com.cleartrip.testscripts.bookingsteps</td><td><a href="#m4">bookflight1</a></td><td rowspan="1">1567785831540</td><td rowspan="1">41</td></tr><tr class="failedeven"><td><a href="#m5">bookingsteps</a></td><td rowspan="1">1567785831650</td><td rowspan="1">5042</td></tr><tr class="failedeven"><td><a href="#m6">searchflight1</a></td><td rowspan="1">1567785829259</td><td rowspan="1">2277</td></tr><tr><th colspan="4">Test1 &#8212; passed</th></tr><tr class="passedeven"><td rowspan="1">com.cleartrip.testscripts.bookingsteps</td><td><a href="#m7">loginflight1</a></td><td rowspan="1">1567785809944</td><td rowspan="1">19207</td></tr></tbody></table><h2>Test2</h2><h3 id="m0">com.cleartrip.testscripts.bookingsteps#bookflight1</h3><table class="result"><tr><th>Exception</th></tr><tr><td><div class="stacktrace">org.openqa.selenium.NoSuchElementException: Unable to locate element: (//div/button[contains(@class,&apos;booking&apos;)])[2]
For documentation on this error, please visit: https://www.seleniumhq.org/exceptions/no_such_element.html
Build info: version: &apos;3.141.59&apos;, revision: &apos;e82be7d358&apos;, time: &apos;2018-11-14T08:17:03&apos;
System info: host: &apos;ATMECSINLT-013&apos;, ip: &apos;55.55.54.73&apos;, os.name: &apos;Windows 10&apos;, os.arch: &apos;amd64&apos;, os.version: &apos;10.0&apos;, java.version: &apos;12.0.2&apos;
Driver info: org.openqa.selenium.firefox.FirefoxDriver
Capabilities {acceptInsecureCerts: true, browserName: firefox, browserVersion: 68.0.2, javascriptEnabled: true, moz:accessibilityChecks: false, moz:buildID: 20190813150448, moz:geckodriverVersion: 0.24.0, moz:headless: false, moz:processID: 9064, moz:profile: C:\Users\Suraj.konangi\AppD..., moz:shutdownTimeout: 60000, moz:useNonSpecCompliantPointerOrigin: false, moz:webdriverClick: true, pageLoadStrategy: normal, platform: WINDOWS, platformName: WINDOWS, platformVersion: 10.0, rotatable: false, setWindowRect: true, strictFileInteractability: false, timeouts: {implicit: 0, pageLoad: 300000, script: 30000}, unhandledPromptBehavior: dismiss and notify}
Session ID: 32241399-a288-40b2-885c-7e0ac3f5fa44
*** Element info: {Using=xpath, value=(//div/button[contains(@class,&apos;booking&apos;)])[2]}
	at org.openqa.selenium.remote.http.W3CHttpResponseCodec.createException(W3CHttpResponseCodec.java:187)
	at org.openqa.selenium.remote.http.W3CHttpResponseCodec.decode(W3CHttpResponseCodec.java:122)
	at org.openqa.selenium.remote.http.W3CHttpResponseCodec.decode(W3CHttpResponseCodec.java:49)
	at org.openqa.selenium.remote.HttpCommandExecutor.execute(HttpCommandExecutor.java:158)
	at org.openqa.selenium.remote.service.DriverCommandExecutor.execute(DriverCommandExecutor.java:83)
	at org.openqa.selenium.remote.RemoteWebDriver.execute(RemoteWebDriver.java:552)
	at org.openqa.selenium.remote.RemoteWebDriver.findElement(RemoteWebDriver.java:323)
	at org.openqa.selenium.remote.RemoteWebDriver.findElementByXPath(RemoteWebDriver.java:428)
	at org.openqa.selenium.By$ByXPath.findElement(By.java:353)
	at org.openqa.selenium.remote.RemoteWebDriver.findElement(RemoteWebDriver.java:315)
	at com.cleartrip.testscripts.bookflight$1.apply(bookflight.java:33)
	at com.cleartrip.testscripts.bookflight$1.apply(bookflight.java:1)
	at org.openqa.selenium.support.ui.FluentWait.until(FluentWait.java:249)
	at com.cleartrip.testscripts.bookflight.ClickElement(bookflight.java:31)
	at com.cleartrip.testscripts.bookflight.bookflight1(bookflight.java:25)
	at java.base/java.util.concurrent.FutureTask.run(FutureTask.java:264)
	at java.base/java.util.concurrent.ThreadPoolExecutor.runWorker(ThreadPoolExecutor.java:1128)
	at java.base/java.util.concurrent.ThreadPoolExecutor$Worker.run(ThreadPoolExecutor.java:628)
	at java.base/java.lang.Thread.run(Thread.java:835)
... Removed 21 stack frames</div></td></tr></table><p class="totop"><a href="#summary">back to summary</a></p><h3 id="m1">com.cleartrip.testscripts.bookingsteps#bookingsteps</h3><table class="result"><tr class="param"><th>Parameter #1</th></tr><tr class="param stripe"><td>[Hyderabad, Vijayawada, surajkonangii@gmail.com, suraj, konangi, diksha, pamnani, 9494282424]</td></tr><tr><th>Exception</th></tr><tr><td><div class="stacktrace">org.openqa.selenium.NoSuchElementException: Unable to locate element: //input[@id=&apos;insurance_confirm&apos;]
For documentation on this error, please visit: https://www.seleniumhq.org/exceptions/no_such_element.html
Build info: version: &apos;3.141.59&apos;, revision: &apos;e82be7d358&apos;, time: &apos;2018-11-14T08:17:03&apos;
System info: host: &apos;ATMECSINLT-013&apos;, ip: &apos;55.55.54.73&apos;, os.name: &apos;Windows 10&apos;, os.arch: &apos;amd64&apos;, os.version: &apos;10.0&apos;, java.version: &apos;12.0.2&apos;
Driver info: org.openqa.selenium.firefox.FirefoxDriver
Capabilities {acceptInsecureCerts: true, browserName: firefox, browserVersion: 68.0.2, javascriptEnabled: true, moz:accessibilityChecks: false, moz:buildID: 20190813150448, moz:geckodriverVersion: 0.24.0, moz:headless: false, moz:processID: 9064, moz:profile: C:\Users\Suraj.konangi\AppD..., moz:shutdownTimeout: 60000, moz:useNonSpecCompliantPointerOrigin: false, moz:webdriverClick: true, pageLoadStrategy: normal, platform: WINDOWS, platformName: WINDOWS, platformVersion: 10.0, rotatable: false, setWindowRect: true, strictFileInteractability: false, timeouts: {implicit: 0, pageLoad: 300000, script: 30000}, unhandledPromptBehavior: dismiss and notify}
Session ID: 32241399-a288-40b2-885c-7e0ac3f5fa44
*** Element info: {Using=xpath, value=//input[@id=&apos;insurance_confirm&apos;]}
	at org.openqa.selenium.remote.http.W3CHttpResponseCodec.createException(W3CHttpResponseCodec.java:187)
	at org.openqa.selenium.remote.http.W3CHttpResponseCodec.decode(W3CHttpResponseCodec.java:122)
	at org.openqa.selenium.remote.http.W3CHttpResponseCodec.decode(W3CHttpResponseCodec.java:49)
	at org.openqa.selenium.remote.HttpCommandExecutor.execute(HttpCommandExecutor.java:158)
	at org.openqa.selenium.remote.service.DriverCommandExecutor.execute(DriverCommandExecutor.java:83)
	at org.openqa.selenium.remote.RemoteWebDriver.execute(RemoteWebDriver.java:552)
	at org.openqa.selenium.remote.RemoteWebDriver.findElement(RemoteWebDriver.java:323)
	at org.openqa.selenium.remote.RemoteWebDriver.findElementByXPath(RemoteWebDriver.java:428)
	at org.openqa.selenium.By$ByXPath.findElement(By.java:353)
	at org.openqa.selenium.remote.RemoteWebDriver.findElement(RemoteWebDriver.java:315)
	at com.cleartrip.testscripts.bookingsteps.bookingsteps(bookingsteps.java:20)
	at java.base/java.util.concurrent.FutureTask.run(FutureTask.java:264)
	at java.base/java.util.concurrent.ThreadPoolExecutor.runWorker(ThreadPoolExecutor.java:1128)
	at java.base/java.util.concurrent.ThreadPoolExecutor$Worker.run(ThreadPoolExecutor.java:628)
	at java.base/java.lang.Thread.run(Thread.java:835)
... Removed 21 stack frames</div></td></tr></table><p class="totop"><a href="#summary">back to summary</a></p><h3 id="m2">com.cleartrip.testscripts.bookingsteps#searchflight1</h3><table class="result"><tr class="param"><th>Parameter #1</th></tr><tr class="param stripe"><td>[Hyderabad, Vijayawada, surajkonangii@gmail.com, suraj, konangi, diksha, pamnani, 9494282424]</td></tr><tr><th>Exception</th></tr><tr><td><div class="stacktrace">java.lang.NullPointerException
	at com.cleartrip.testscripts.test.selectDropdown(test.java:12)
	at com.cleartrip.testscripts.searchflight.searchflight1(searchflight.java:37)
	at java.base/java.util.concurrent.FutureTask.run(FutureTask.java:264)
	at java.base/java.util.concurrent.ThreadPoolExecutor.runWorker(ThreadPoolExecutor.java:1128)
	at java.base/java.util.concurrent.ThreadPoolExecutor$Worker.run(ThreadPoolExecutor.java:628)
	at java.base/java.lang.Thread.run(Thread.java:835)
... Removed 16 stack frames</div></td></tr></table><p class="totop"><a href="#summary">back to summary</a></p><h3 id="m3">com.cleartrip.testscripts.bookingsteps#loginflight1</h3><table class="result"><tr class="param"><th>Parameter #1</th></tr><tr class="param stripe"><td>firefox</td></tr></table><p class="totop"><a href="#summary">back to summary</a></p><h2>Test1</h2><h3 id="m4">com.cleartrip.testscripts.bookingsteps#bookflight1</h3><table class="result"><tr><th>Exception</th></tr><tr><td><div class="stacktrace">org.openqa.selenium.NoSuchElementException: no such element: Unable to locate element: {&quot;method&quot;:&quot;xpath&quot;,&quot;selector&quot;:&quot;(//div/button[contains(@class,&apos;booking&apos;)])[2]&quot;}
  (Session info: chrome=76.0.3809.132)
For documentation on this error, please visit: https://www.seleniumhq.org/exceptions/no_such_element.html
Build info: version: &apos;3.141.59&apos;, revision: &apos;e82be7d358&apos;, time: &apos;2018-11-14T08:17:03&apos;
System info: host: &apos;ATMECSINLT-013&apos;, ip: &apos;55.55.54.73&apos;, os.name: &apos;Windows 10&apos;, os.arch: &apos;amd64&apos;, os.version: &apos;10.0&apos;, java.version: &apos;12.0.2&apos;
Driver info: org.openqa.selenium.chrome.ChromeDriver
Capabilities {acceptInsecureCerts: false, browserName: chrome, browserVersion: 76.0.3809.132, chrome: {chromedriverVersion: 76.0.3809.126 (d80a294506b4..., userDataDir: C:\Users\SURAJ~1.KON\AppDat...}, goog:chromeOptions: {debuggerAddress: localhost:59873}, javascriptEnabled: true, networkConnectionEnabled: false, pageLoadStrategy: normal, platform: XP, platformName: XP, proxy: Proxy(), setWindowRect: true, strictFileInteractability: false, timeouts: {implicit: 0, pageLoad: 300000, script: 30000}, unhandledPromptBehavior: dismiss and notify}
Session ID: 358b7338632b7daa3d1a6e3c8cddfb7e
*** Element info: {Using=xpath, value=(//div/button[contains(@class,&apos;booking&apos;)])[2]}
	at org.openqa.selenium.remote.http.W3CHttpResponseCodec.createException(W3CHttpResponseCodec.java:187)
	at org.openqa.selenium.remote.http.W3CHttpResponseCodec.decode(W3CHttpResponseCodec.java:122)
	at org.openqa.selenium.remote.http.W3CHttpResponseCodec.decode(W3CHttpResponseCodec.java:49)
	at org.openqa.selenium.remote.HttpCommandExecutor.execute(HttpCommandExecutor.java:158)
	at org.openqa.selenium.remote.service.DriverCommandExecutor.execute(DriverCommandExecutor.java:83)
	at org.openqa.selenium.remote.RemoteWebDriver.execute(RemoteWebDriver.java:552)
	at org.openqa.selenium.remote.RemoteWebDriver.findElement(RemoteWebDriver.java:323)
	at org.openqa.selenium.remote.RemoteWebDriver.findElementByXPath(RemoteWebDriver.java:428)
	at org.openqa.selenium.By$ByXPath.findElement(By.java:353)
	at org.openqa.selenium.remote.RemoteWebDriver.findElement(RemoteWebDriver.java:315)
	at com.cleartrip.testscripts.bookflight$1.apply(bookflight.java:33)
	at com.cleartrip.testscripts.bookflight$1.apply(bookflight.java:1)
	at org.openqa.selenium.support.ui.FluentWait.until(FluentWait.java:249)
	at com.cleartrip.testscripts.bookflight.ClickElement(bookflight.java:31)
	at com.cleartrip.testscripts.bookflight.bookflight1(bookflight.java:25)
	at java.base/java.util.concurrent.FutureTask.run(FutureTask.java:264)
	at java.base/java.util.concurrent.ThreadPoolExecutor.runWorker(ThreadPoolExecutor.java:1128)
	at java.base/java.util.concurrent.ThreadPoolExecutor$Worker.run(ThreadPoolExecutor.java:628)
	at java.base/java.lang.Thread.run(Thread.java:835)
... Removed 21 stack frames</div></td></tr></table><p class="totop"><a href="#summary">back to summary</a></p><h3 id="m5">com.cleartrip.testscripts.bookingsteps#bookingsteps</h3><table class="result"><tr class="param"><th>Parameter #1</th></tr><tr class="param stripe"><td>[Hyderabad, Vijayawada, surajkonangii@gmail.com, suraj, konangi, diksha, pamnani, 9494282424]</td></tr><tr><th>Exception</th></tr><tr><td><div class="stacktrace">org.openqa.selenium.NoSuchElementException: no such element: Unable to locate element: {&quot;method&quot;:&quot;xpath&quot;,&quot;selector&quot;:&quot;//input[@id=&apos;insurance_confirm&apos;]&quot;}
  (Session info: chrome=76.0.3809.132)
For documentation on this error, please visit: https://www.seleniumhq.org/exceptions/no_such_element.html
Build info: version: &apos;3.141.59&apos;, revision: &apos;e82be7d358&apos;, time: &apos;2018-11-14T08:17:03&apos;
System info: host: &apos;ATMECSINLT-013&apos;, ip: &apos;55.55.54.73&apos;, os.name: &apos;Windows 10&apos;, os.arch: &apos;amd64&apos;, os.version: &apos;10.0&apos;, java.version: &apos;12.0.2&apos;
Driver info: org.openqa.selenium.chrome.ChromeDriver
Capabilities {acceptInsecureCerts: false, browserName: chrome, browserVersion: 76.0.3809.132, chrome: {chromedriverVersion: 76.0.3809.126 (d80a294506b4..., userDataDir: C:\Users\SURAJ~1.KON\AppDat...}, goog:chromeOptions: {debuggerAddress: localhost:59873}, javascriptEnabled: true, networkConnectionEnabled: false, pageLoadStrategy: normal, platform: XP, platformName: XP, proxy: Proxy(), setWindowRect: true, strictFileInteractability: false, timeouts: {implicit: 0, pageLoad: 300000, script: 30000}, unhandledPromptBehavior: dismiss and notify}
Session ID: 358b7338632b7daa3d1a6e3c8cddfb7e
*** Element info: {Using=xpath, value=//input[@id=&apos;insurance_confirm&apos;]}
	at org.openqa.selenium.remote.http.W3CHttpResponseCodec.createException(W3CHttpResponseCodec.java:187)
	at org.openqa.selenium.remote.http.W3CHttpResponseCodec.decode(W3CHttpResponseCodec.java:122)
	at org.openqa.selenium.remote.http.W3CHttpResponseCodec.decode(W3CHttpResponseCodec.java:49)
	at org.openqa.selenium.remote.HttpCommandExecutor.execute(HttpCommandExecutor.java:158)
	at org.openqa.selenium.remote.service.DriverCommandExecutor.execute(DriverCommandExecutor.java:83)
	at org.openqa.selenium.remote.RemoteWebDriver.execute(RemoteWebDriver.java:552)
	at org.openqa.selenium.remote.RemoteWebDriver.findElement(RemoteWebDriver.java:323)
	at org.openqa.selenium.remote.RemoteWebDriver.findElementByXPath(RemoteWebDriver.java:428)
	at org.openqa.selenium.By$ByXPath.findElement(By.java:353)
	at org.openqa.selenium.remote.RemoteWebDriver.findElement(RemoteWebDriver.java:315)
	at com.cleartrip.testscripts.bookingsteps.bookingsteps(bookingsteps.java:20)
	at java.base/java.util.concurrent.FutureTask.run(FutureTask.java:264)
	at java.base/java.util.concurrent.ThreadPoolExecutor.runWorker(ThreadPoolExecutor.java:1128)
	at java.base/java.util.concurrent.ThreadPoolExecutor$Worker.run(ThreadPoolExecutor.java:628)
	at java.base/java.lang.Thread.run(Thread.java:835)
... Removed 21 stack frames</div></td></tr></table><p class="totop"><a href="#summary">back to summary</a></p><h3 id="m6">com.cleartrip.testscripts.bookingsteps#searchflight1</h3><table class="result"><tr class="param"><th>Parameter #1</th></tr><tr class="param stripe"><td>[Hyderabad, Vijayawada, surajkonangii@gmail.com, suraj, konangi, diksha, pamnani, 9494282424]</td></tr><tr><th>Exception</th></tr><tr><td><div class="stacktrace">java.lang.NullPointerException
	at com.cleartrip.testscripts.test.selectDropdown(test.java:12)
	at com.cleartrip.testscripts.searchflight.searchflight1(searchflight.java:37)
	at java.base/java.util.concurrent.FutureTask.run(FutureTask.java:264)
	at java.base/java.util.concurrent.ThreadPoolExecutor.runWorker(ThreadPoolExecutor.java:1128)
	at java.base/java.util.concurrent.ThreadPoolExecutor$Worker.run(ThreadPoolExecutor.java:628)
	at java.base/java.lang.Thread.run(Thread.java:835)
... Removed 16 stack frames</div></td></tr></table><p class="totop"><a href="#summary">back to summary</a></p><h3 id="m7">com.cleartrip.testscripts.bookingsteps#loginflight1</h3><table class="result"><tr class="param"><th>Parameter #1</th></tr><tr class="param stripe"><td>chrome</td></tr></table><p class="totop"><a href="#summary">back to summary</a></p></body></html>