<?xml version="1.0" encoding="UTF-8"?>
<!-- Generated by org.testng.reporters.JUnitXMLReporter -->
<testsuite ignored="0" hostname="ATMECSINLT-013" failures="1" tests="4" name="Test1" time="0.082" errors="0" timestamp="06 Sep 2019 09:28:02 GMT">
  <testcase classname="com.cleartrip.oneway.TestBase" name="@BeforeMethod initializeBrowser" time="0.015">
    <failure type="java.io.FileNotFoundException" message="C:\Users\Suraj.konangi\eclipse-workspace\cleartrip\resources\testdata\config.properties (The system cannot find the file specified)">
      <![CDATA[java.io.FileNotFoundException: C:\Users\Suraj.konangi\eclipse-workspace\cleartrip\resources\testdata\config.properties (The system cannot find the file specified)
	at java.base/java.io.FileInputStream.open0(Native Method)
	at java.base/java.io.FileInputStream.open(FileInputStream.java:213)
	at java.base/java.io.FileInputStream.<init>(FileInputStream.java:155)
	at java.base/java.io.FileReader.<init>(FileReader.java:75)
	at com.cleartrip.oneway.ReadLocators.loadProperty(ReadLocators.java:16)
	at com.cleartrip.oneway.TestBase.initializeBrowser(TestBase.java:21)
... Removed 27 stack frames]]>
    </failure>
  </testcase> <!-- @BeforeMethod initializeBrowser -->
  <testcase classname="com.cleartrip.oneway.TestBase" name="@BeforeMethod initializeBrowser" time="0.0">
    <skipped/>
  </testcase> <!-- @BeforeMethod initializeBrowser -->
  <testcase classname="com.cleartrip.oneway.TestBase" name="@BeforeMethod initializeBrowser" time="0.0">
    <skipped/>
  </testcase> <!-- @BeforeMethod initializeBrowser -->
  <testcase classname="com.cleartrip.testscripts.bookingsteps" name="bookingsteps1" time="0.0">
    <skipped/>
  </testcase> <!-- bookingsteps1 -->
  <testcase classname="com.cleartrip.testscripts.loginflight" name="loginflight1" time="0.0">
    <failure type="org.testng.TestNGException" message="
Parameter &amp;apos;selectbrowser&amp;apos; is required by @Test on method loginflight1 but has not been marked @Optional or defined
in C:\Users\Suraj.konangi\eclipse-workspace\cleartrip\testng.xml">
      <![CDATA[org.testng.TestNGException: 
Parameter 'selectbrowser' is required by @Test on method loginflight1 but has not been marked @Optional or defined
in C:\Users\Suraj.konangi\eclipse-workspace\cleartrip\testng.xml
... Removed 23 stack frames]]>
    </failure>
  </testcase> <!-- loginflight1 -->
  <testcase classname="com.cleartrip.testscripts.searchflight" name="searchflight1" time="0.0">
    <skipped/>
  </testcase> <!-- searchflight1 -->
  <testcase classname="com.cleartrip.testscripts.bookflight" name="bookflight1" time="0.0">
    <skipped/>
  </testcase> <!-- bookflight1 -->
</testsuite> <!-- Test1 -->
